\BOOKMARK [1][-]{section.1}{\376\377\137\200\136\164\230\230}{}% 1
\BOOKMARK [2][-]{subsection.1.1}{\376\377\204\213\217\276\147\103\0002\0000\0002\0003\136\164\173\054\116\000\153\041\134\017\155\113}{section.1}% 2
\BOOKMARK [1][-]{section.2}{\376\377\000j\000d\000q\173\054\116\214\153\041\134\017\155\113}{}% 3
\BOOKMARK [1][-]{section.3}{\376\377\232\154\154\017\224\376}{}% 4
\BOOKMARK [2][-]{subsection.3.1}{\376\377\133\232\116\111\116\016\117\213\133\120}{section.3}% 5
\BOOKMARK [2][-]{subsection.3.2}{\376\377\116\015\123\330\122\006\136\003}{section.3}% 6
\BOOKMARK [2][-]{subsection.3.3}{\376\377\162\266\140\001\166\204\122\006\174\173}{section.3}% 7
\BOOKMARK [2][-]{subsection.3.4}{\376\377\231\226\217\276\145\366\124\214\137\072\232\154\154\017\140\047}{section.3}% 8
\BOOKMARK [2][-]{subsection.3.5}{\376\377\136\070\217\324\140\047}{section.3}% 9
\BOOKMARK [2][-]{subsection.3.6}{\376\377\121\373\116\055\151\202\163\207}{section.3}% 10
\BOOKMARK [2][-]{subsection.3.7}{\376\377\150\074\147\227\121\375\145\160}{section.3}% 11
\BOOKMARK [2][-]{subsection.3.8}{\376\377\220\115\123\206\133\232\164\006\116\016\153\143\136\070\217\324}{section.3}% 12
\BOOKMARK [2][-]{subsection.3.9}{\376\377\137\072\220\115\123\206\133\232\164\006}{section.3}% 13
\BOOKMARK [2][-]{subsection.3.10}{\376\377\176\374\124\010\176\303\116\140\230\230}{section.3}% 14
\BOOKMARK [1][-]{section.4}{\376\377\215\363\217\307\172\013}{}% 15
\BOOKMARK [2][-]{subsection.4.1}{\376\377\154\312\147\176\217\307\172\013}{section.4}% 16
\BOOKMARK [2][-]{subsection.4.2}{\376\377\215\363\217\307\172\013\166\204\133\232\116\111\123\312\121\166\217\154\171\373\151\202\163\207}{section.4}% 17
\BOOKMARK [1][-]{section.5}{\376\377\136\003\147\027\217\320\122\250}{}% 18
\BOOKMARK [2][-]{subsection.5.1}{\376\377\232\330\145\257\122\006\136\003\124\214\232\330\145\257\217\307\172\013}{section.5}% 19
\BOOKMARK [2][-]{subsection.5.2}{\376\377\136\003\147\027\217\320\122\250\166\204\133\232\116\111\116\016\203\261\176\364\147\204\220\040}{section.5}% 20
